== schema_bench.sh started: 2025-10-04T10:25:13Z ==
Input : ./hot_w240_d12.schema.json
Outdir: /home/azeez/bench_hot/w240_d12
[copy] ./hot_w240_d12.schema.json -> /home/azeez/bench_hot/w240_d12/hot_w240_d12.schema.schema.json
[metaschema] checking…
[bundle] -> /home/azeez/bench_hot/w240_d12/hot_w240_d12.schema.bundle.json
[sanity] /home/azeez/bench_hot/w240_d12/hot_w240_d12.schema.bundle.json :  objects=20409, $ref=3120, if=2880, then=2880, else=2880, allOf=2880, anyOf=0, oneOf=0
[stats] collecting…
[variants] building ablations…
[compile] baseline (normal/fast)…
[compile] no-conditionals (normal/fast)…
[compile] no-depschemas (normal/fast)…
[compile] no-uneval (normal/fast)…
[compile] refs-only (normal/fast)…
[compile] only-allof (normal/fast)…
[compile] no-anyof (normal/fast)…
[compile] no-oneof (normal/fast)…
[compile] no-allof (normal/fast)…
[compile] conditionals-empty (normal/fast)…
[compile] no-refs-inside-conditionals (normal/fast)…
[compile] no-conditional-keys (normal/fast)…
== done: 2025-10-04T10:31:30Z ==
Artifacts:
  total 29M
  -rw-r--r--. 1 azeez azeez 1.1K Oct  4 15:55 filters.jq
  -rw-r--r--. 1 azeez azeez 3.1M Oct  4 15:57 hot_w240_d12.schema.bundle.json
  -rw-r--r--. 1 azeez azeez 3.2M Oct  4 15:57 hot_w240_d12.schema.conditionals-empty.json
  -rw-r--r--. 1 azeez azeez 4.2K Oct  4 15:57 hot_w240_d12.schema.no-allof.json
  -rw-r--r--. 1 azeez azeez 3.2M Oct  4 15:57 hot_w240_d12.schema.no-anyof.json
  -rw-r--r--. 1 azeez azeez 3.2M Oct  4 15:57 hot_w240_d12.schema.no-conditional-keys.json
  -rw-r--r--. 1 azeez azeez  26K Oct  4 15:57 hot_w240_d12.schema.no-conditionals.json
  -rw-r--r--. 1 azeez azeez 3.2M Oct  4 15:57 hot_w240_d12.schema.no-depschemas.json
  -rw-r--r--. 1 azeez azeez 3.2M Oct  4 15:57 hot_w240_d12.schema.no-oneof.json
  -rw-r--r--. 1 azeez azeez 3.2M Oct  4 15:57 hot_w240_d12.schema.no-refs-inside-conditionals.json
  -rw-r--r--. 1 azeez azeez 3.2M Oct  4 15:57 hot_w240_d12.schema.no-uneval.json
  -rw-r--r--. 1 azeez azeez  26K Oct  4 15:57 hot_w240_d12.schema.only-allof.json
  -rw-r--r--. 1 azeez azeez 4.2K Oct  4 15:57 hot_w240_d12.schema.refs-only.json
  -rw-r--r--. 1 azeez azeez 3.2M Oct  4 15:55 hot_w240_d12.schema.schema.json
  -rw-r--r--. 1 azeez azeez 5.7K Oct  4 16:01 report.txt
  -rw-r--r--. 1 azeez azeez 1.1K Oct  4 16:01 run.log
  -rw-r--r--. 1 azeez azeez 1.2K Oct  4 16:01 timings.csv
