== schema_bench.sh started: 2025-10-04T10:37:04Z ==
Input : ./hot_min.schema.json
Outdir: /home/azeez/bench_hot/min
[copy] ./hot_min.schema.json -> /home/azeez/bench_hot/min/hot_min.schema.schema.json
[metaschema] checking…
[bundle] -> /home/azeez/bench_hot/min/hot_min.schema.bundle.json
[sanity] /home/azeez/bench_hot/min/hot_min.schema.bundle.json :  objects=5109, $ref=780, if=720, then=720, else=720, allOf=720, anyOf=0, oneOf=0
[stats] collecting…
[variants] building ablations…
[compile] baseline (normal/fast)…
[compile] no-conditionals (normal/fast)…
[compile] no-depschemas (normal/fast)…
[compile] no-uneval (normal/fast)…
[compile] refs-only (normal/fast)…
[compile] only-allof (normal/fast)…
[compile] no-anyof (normal/fast)…
[compile] no-oneof (normal/fast)…
[compile] no-allof (normal/fast)…
[compile] conditionals-empty (normal/fast)…
[compile] no-refs-inside-conditionals (normal/fast)…
[compile] no-conditional-keys (normal/fast)…
== done: 2025-10-04T10:37:52Z ==
Artifacts:
  total 7.1M
  -rw-r--r--. 1 azeez azeez 1.1K Oct  4 16:07 filters.jq
  -rw-r--r--. 1 azeez azeez 769K Oct  4 16:07 hot_min.schema.bundle.json
  -rw-r--r--. 1 azeez azeez 801K Oct  4 16:07 hot_min.schema.conditionals-empty.json
  -rw-r--r--. 1 azeez azeez 1.5K Oct  4 16:07 hot_min.schema.no-allof.json
  -rw-r--r--. 1 azeez azeez 801K Oct  4 16:07 hot_min.schema.no-anyof.json
  -rw-r--r--. 1 azeez azeez 801K Oct  4 16:07 hot_min.schema.no-conditional-keys.json
  -rw-r--r--. 1 azeez azeez 6.7K Oct  4 16:07 hot_min.schema.no-conditionals.json
  -rw-r--r--. 1 azeez azeez 801K Oct  4 16:07 hot_min.schema.no-depschemas.json
  -rw-r--r--. 1 azeez azeez 801K Oct  4 16:07 hot_min.schema.no-oneof.json
  -rw-r--r--. 1 azeez azeez 801K Oct  4 16:07 hot_min.schema.no-refs-inside-conditionals.json
  -rw-r--r--. 1 azeez azeez 801K Oct  4 16:07 hot_min.schema.no-uneval.json
  -rw-r--r--. 1 azeez azeez 6.7K Oct  4 16:07 hot_min.schema.only-allof.json
  -rw-r--r--. 1 azeez azeez 1.5K Oct  4 16:07 hot_min.schema.refs-only.json
  -rw-r--r--. 1 azeez azeez 801K Oct  4 16:07 hot_min.schema.schema.json
  -rw-r--r--. 1 azeez azeez 5.5K Oct  4 16:07 report.txt
  -rw-r--r--. 1 azeez azeez 1023 Oct  4 16:07 run.log
  -rw-r--r--. 1 azeez azeez 1.1K Oct  4 16:07 timings.csv
