== schema_bench.sh started: 2025-10-04T10:02:54Z ==
Input : ./hot_w120_d06.schema.json
Outdir: /home/azeez/bench_hot/w120_d06
[copy] ./hot_w120_d06.schema.json -> /home/azeez/bench_hot/w120_d06/hot_w120_d06.schema.schema.json
[metaschema] checking…
[bundle] -> /home/azeez/bench_hot/w120_d06/hot_w120_d06.schema.bundle.json
[sanity] /home/azeez/bench_hot/w120_d06/hot_w120_d06.schema.bundle.json :  objects=5169, $ref=840, if=720, then=720, else=720, allOf=720, anyOf=0, oneOf=0
[stats] collecting…
[variants] building ablations…
[compile] baseline (normal/fast)…
[compile] no-conditionals (normal/fast)…
[compile] no-depschemas (normal/fast)…
[compile] no-uneval (normal/fast)…
[compile] refs-only (normal/fast)…
[compile] only-allof (normal/fast)…
[compile] no-anyof (normal/fast)…
[compile] no-oneof (normal/fast)…
[compile] no-allof (normal/fast)…
[compile] conditionals-empty (normal/fast)…
[compile] no-refs-inside-conditionals (normal/fast)…
[compile] no-conditional-keys (normal/fast)…
== done: 2025-10-04T10:03:24Z ==
Artifacts:
  total 4.7M
  -rw-r--r--. 1 azeez azeez 1.1K Oct  4 15:32 filters.jq
  -rw-r--r--. 1 azeez azeez 486K Oct  4 15:32 hot_w120_d06.schema.bundle.json
  -rw-r--r--. 1 azeez azeez 525K Oct  4 15:32 hot_w120_d06.schema.conditionals-empty.json
  -rw-r--r--. 1 azeez azeez 2.4K Oct  4 15:32 hot_w120_d06.schema.no-allof.json
  -rw-r--r--. 1 azeez azeez 525K Oct  4 15:32 hot_w120_d06.schema.no-anyof.json
  -rw-r--r--. 1 azeez azeez 525K Oct  4 15:32 hot_w120_d06.schema.no-conditional-keys.json
  -rw-r--r--. 1 azeez azeez  13K Oct  4 15:32 hot_w120_d06.schema.no-conditionals.json
  -rw-r--r--. 1 azeez azeez 525K Oct  4 15:32 hot_w120_d06.schema.no-depschemas.json
  -rw-r--r--. 1 azeez azeez 525K Oct  4 15:32 hot_w120_d06.schema.no-oneof.json
  -rw-r--r--. 1 azeez azeez 525K Oct  4 15:32 hot_w120_d06.schema.no-refs-inside-conditionals.json
  -rw-r--r--. 1 azeez azeez 525K Oct  4 15:32 hot_w120_d06.schema.no-uneval.json
  -rw-r--r--. 1 azeez azeez  13K Oct  4 15:32 hot_w120_d06.schema.only-allof.json
  -rw-r--r--. 1 azeez azeez 2.4K Oct  4 15:32 hot_w120_d06.schema.refs-only.json
  -rw-r--r--. 1 azeez azeez 525K Oct  4 15:32 hot_w120_d06.schema.schema.json
  -rw-r--r--. 1 azeez azeez 5.6K Oct  4 15:33 report.txt
  -rw-r--r--. 1 azeez azeez 1.1K Oct  4 15:33 run.log
  -rw-r--r--. 1 azeez azeez 1.1K Oct  4 15:33 timings.csv
