== schema_bench.sh started: 2025-10-04T09:58:57Z ==
Input : ./hot_w120_d12.schema.json
Outdir: /home/azeez/bench_hot/w120_d12
[copy] ./hot_w120_d12.schema.json -> /home/azeez/bench_hot/w120_d12/hot_w120_d12.schema.schema.json
[metaschema] checking…
[bundle] -> /home/azeez/bench_hot/w120_d12/hot_w120_d12.schema.bundle.json
[sanity] /home/azeez/bench_hot/w120_d12/hot_w120_d12.schema.bundle.json :  objects=10209, $ref=1560, if=1440, then=1440, else=1440, allOf=1440, anyOf=0, oneOf=0
[stats] collecting…
[variants] building ablations…
[compile] baseline (normal/fast)…
[compile] no-conditionals (normal/fast)…
[compile] no-depschemas (normal/fast)…
[compile] no-uneval (normal/fast)…
[compile] refs-only (normal/fast)…
[compile] only-allof (normal/fast)…
[compile] no-anyof (normal/fast)…
[compile] no-oneof (normal/fast)…
[compile] no-allof (normal/fast)…
[compile] conditionals-empty (normal/fast)…
[compile] no-refs-inside-conditionals (normal/fast)…
[compile] no-conditional-keys (normal/fast)…
== done: 2025-10-04T10:00:29Z ==
Artifacts:
  total 15M
  -rw-r--r--. 1 azeez azeez 1.1K Oct  4 15:28 filters.jq
  -rw-r--r--. 1 azeez azeez 1.6M Oct  4 15:29 hot_w120_d12.schema.bundle.json
  -rw-r--r--. 1 azeez azeez 1.6M Oct  4 15:29 hot_w120_d12.schema.conditionals-empty.json
  -rw-r--r--. 1 azeez azeez 2.4K Oct  4 15:29 hot_w120_d12.schema.no-allof.json
  -rw-r--r--. 1 azeez azeez 1.6M Oct  4 15:29 hot_w120_d12.schema.no-anyof.json
  -rw-r--r--. 1 azeez azeez 1.6M Oct  4 15:29 hot_w120_d12.schema.no-conditional-keys.json
  -rw-r--r--. 1 azeez azeez  13K Oct  4 15:29 hot_w120_d12.schema.no-conditionals.json
  -rw-r--r--. 1 azeez azeez 1.6M Oct  4 15:29 hot_w120_d12.schema.no-depschemas.json
  -rw-r--r--. 1 azeez azeez 1.6M Oct  4 15:29 hot_w120_d12.schema.no-oneof.json
  -rw-r--r--. 1 azeez azeez 1.6M Oct  4 15:29 hot_w120_d12.schema.no-refs-inside-conditionals.json
  -rw-r--r--. 1 azeez azeez 1.6M Oct  4 15:29 hot_w120_d12.schema.no-uneval.json
  -rw-r--r--. 1 azeez azeez  13K Oct  4 15:29 hot_w120_d12.schema.only-allof.json
  -rw-r--r--. 1 azeez azeez 2.4K Oct  4 15:29 hot_w120_d12.schema.refs-only.json
  -rw-r--r--. 1 azeez azeez 1.6M Oct  4 15:28 hot_w120_d12.schema.schema.json
  -rw-r--r--. 1 azeez azeez 5.6K Oct  4 15:30 report.txt
  -rw-r--r--. 1 azeez azeez 1.1K Oct  4 15:30 run.log
  -rw-r--r--. 1 azeez azeez 1.1K Oct  4 15:30 timings.csv
== schema_bench.sh started: 2025-10-04T10:03:50Z ==
Input : ./hot_w120_d12.schema.json
Outdir: /home/azeez/bench_hot/w120_d12
[copy] ./hot_w120_d12.schema.json -> /home/azeez/bench_hot/w120_d12/hot_w120_d12.schema.schema.json
[metaschema] checking…
[bundle] -> /home/azeez/bench_hot/w120_d12/hot_w120_d12.schema.bundle.json
[sanity] /home/azeez/bench_hot/w120_d12/hot_w120_d12.schema.bundle.json :  objects=10209, $ref=1560, if=1440, then=1440, else=1440, allOf=1440, anyOf=0, oneOf=0
[stats] collecting…
[variants] building ablations…
[compile] baseline (normal/fast)…
[compile] no-conditionals (normal/fast)…
[compile] no-depschemas (normal/fast)…
[compile] no-uneval (normal/fast)…
[compile] refs-only (normal/fast)…
[compile] only-allof (normal/fast)…
[compile] no-anyof (normal/fast)…
[compile] no-oneof (normal/fast)…
[compile] no-allof (normal/fast)…
[compile] conditionals-empty (normal/fast)…
[compile] no-refs-inside-conditionals (normal/fast)…
[compile] no-conditional-keys (normal/fast)…
== done: 2025-10-04T10:05:50Z ==
Artifacts:
  total 15M
  -rw-r--r--. 1 azeez azeez 1.1K Oct  4 15:33 filters.jq
  -rw-r--r--. 1 azeez azeez 1.6M Oct  4 15:34 hot_w120_d12.schema.bundle.json
  -rw-r--r--. 1 azeez azeez 1.6M Oct  4 15:34 hot_w120_d12.schema.conditionals-empty.json
  -rw-r--r--. 1 azeez azeez 2.4K Oct  4 15:34 hot_w120_d12.schema.no-allof.json
  -rw-r--r--. 1 azeez azeez 1.6M Oct  4 15:34 hot_w120_d12.schema.no-anyof.json
  -rw-r--r--. 1 azeez azeez 1.6M Oct  4 15:34 hot_w120_d12.schema.no-conditional-keys.json
  -rw-r--r--. 1 azeez azeez  13K Oct  4 15:34 hot_w120_d12.schema.no-conditionals.json
  -rw-r--r--. 1 azeez azeez 1.6M Oct  4 15:34 hot_w120_d12.schema.no-depschemas.json
  -rw-r--r--. 1 azeez azeez 1.6M Oct  4 15:34 hot_w120_d12.schema.no-oneof.json
  -rw-r--r--. 1 azeez azeez 1.6M Oct  4 15:34 hot_w120_d12.schema.no-refs-inside-conditionals.json
  -rw-r--r--. 1 azeez azeez 1.6M Oct  4 15:34 hot_w120_d12.schema.no-uneval.json
  -rw-r--r--. 1 azeez azeez  13K Oct  4 15:34 hot_w120_d12.schema.only-allof.json
  -rw-r--r--. 1 azeez azeez 2.4K Oct  4 15:34 hot_w120_d12.schema.refs-only.json
  -rw-r--r--. 1 azeez azeez 1.6M Oct  4 15:33 hot_w120_d12.schema.schema.json
  -rw-r--r--. 1 azeez azeez 5.6K Oct  4 15:35 report.txt
  -rw-r--r--. 1 azeez azeez 3.4K Oct  4 15:35 run.log
  -rw-r--r--. 1 azeez azeez 1.1K Oct  4 15:35 timings.csv
== schema_bench.sh started: 2025-10-04T10:22:43Z ==
Input : ./hot_w120_d12.schema.json
Outdir: /home/azeez/bench_hot/w120_d12
[copy] ./hot_w120_d12.schema.json -> /home/azeez/bench_hot/w120_d12/hot_w120_d12.schema.schema.json
[metaschema] checking…
[bundle] -> /home/azeez/bench_hot/w120_d12/hot_w120_d12.schema.bundle.json
[sanity] /home/azeez/bench_hot/w120_d12/hot_w120_d12.schema.bundle.json :  objects=10209, $ref=1560, if=1440, then=1440, else=1440, allOf=1440, anyOf=0, oneOf=0
[stats] collecting…
[variants] building ablations…
[compile] baseline (normal/fast)…
[compile] no-conditionals (normal/fast)…
[compile] no-depschemas (normal/fast)…
[compile] no-uneval (normal/fast)…
[compile] refs-only (normal/fast)…
[compile] only-allof (normal/fast)…
[compile] no-anyof (normal/fast)…
[compile] no-oneof (normal/fast)…
[compile] no-allof (normal/fast)…
[compile] conditionals-empty (normal/fast)…
[compile] no-refs-inside-conditionals (normal/fast)…
[compile] no-conditional-keys (normal/fast)…
== done: 2025-10-04T10:24:55Z ==
Artifacts:
  total 15M
  -rw-r--r--. 1 azeez azeez 1.1K Oct  4 15:52 filters.jq
  -rw-r--r--. 1 azeez azeez 1.6M Oct  4 15:53 hot_w120_d12.schema.bundle.json
  -rw-r--r--. 1 azeez azeez 1.6M Oct  4 15:53 hot_w120_d12.schema.conditionals-empty.json
  -rw-r--r--. 1 azeez azeez 2.4K Oct  4 15:53 hot_w120_d12.schema.no-allof.json
  -rw-r--r--. 1 azeez azeez 1.6M Oct  4 15:53 hot_w120_d12.schema.no-anyof.json
  -rw-r--r--. 1 azeez azeez 1.6M Oct  4 15:53 hot_w120_d12.schema.no-conditional-keys.json
  -rw-r--r--. 1 azeez azeez  13K Oct  4 15:53 hot_w120_d12.schema.no-conditionals.json
  -rw-r--r--. 1 azeez azeez 1.6M Oct  4 15:53 hot_w120_d12.schema.no-depschemas.json
  -rw-r--r--. 1 azeez azeez 1.6M Oct  4 15:53 hot_w120_d12.schema.no-oneof.json
  -rw-r--r--. 1 azeez azeez 1.6M Oct  4 15:53 hot_w120_d12.schema.no-refs-inside-conditionals.json
  -rw-r--r--. 1 azeez azeez 1.6M Oct  4 15:53 hot_w120_d12.schema.no-uneval.json
  -rw-r--r--. 1 azeez azeez  13K Oct  4 15:53 hot_w120_d12.schema.only-allof.json
  -rw-r--r--. 1 azeez azeez 2.4K Oct  4 15:53 hot_w120_d12.schema.refs-only.json
  -rw-r--r--. 1 azeez azeez 1.6M Oct  4 15:52 hot_w120_d12.schema.schema.json
  -rw-r--r--. 1 azeez azeez 5.6K Oct  4 15:54 report.txt
  -rw-r--r--. 1 azeez azeez 5.8K Oct  4 15:54 run.log
  -rw-r--r--. 1 azeez azeez 1.1K Oct  4 15:54 timings.csv
