== schema_bench.sh started: 2025-10-04T10:21:28Z ==
Input : ./hot_w060_d12.schema.json
Outdir: /home/azeez/bench_hot/w060_d12
[copy] ./hot_w060_d12.schema.json -> /home/azeez/bench_hot/w060_d12/hot_w060_d12.schema.schema.json
[metaschema] checking…
[bundle] -> /home/azeez/bench_hot/w060_d12/hot_w060_d12.schema.bundle.json
[sanity] /home/azeez/bench_hot/w060_d12/hot_w060_d12.schema.bundle.json :  objects=5109, $ref=780, if=720, then=720, else=720, allOf=720, anyOf=0, oneOf=0
[stats] collecting…
[variants] building ablations…
[compile] baseline (normal/fast)…
[compile] no-conditionals (normal/fast)…
[compile] no-depschemas (normal/fast)…
[compile] no-uneval (normal/fast)…
[compile] refs-only (normal/fast)…
[compile] only-allof (normal/fast)…
[compile] no-anyof (normal/fast)…
[compile] no-oneof (normal/fast)…
[compile] no-allof (normal/fast)…
[compile] conditionals-empty (normal/fast)…
[compile] no-refs-inside-conditionals (normal/fast)…
[compile] no-conditional-keys (normal/fast)…
== done: 2025-10-04T10:22:26Z ==
Artifacts:
  total 7.1M
  -rw-r--r--. 1 azeez azeez 1.1K Oct  4 15:51 filters.jq
  -rw-r--r--. 1 azeez azeez 769K Oct  4 15:51 hot_w060_d12.schema.bundle.json
  -rw-r--r--. 1 azeez azeez 801K Oct  4 15:51 hot_w060_d12.schema.conditionals-empty.json
  -rw-r--r--. 1 azeez azeez 1.5K Oct  4 15:51 hot_w060_d12.schema.no-allof.json
  -rw-r--r--. 1 azeez azeez 801K Oct  4 15:51 hot_w060_d12.schema.no-anyof.json
  -rw-r--r--. 1 azeez azeez 801K Oct  4 15:51 hot_w060_d12.schema.no-conditional-keys.json
  -rw-r--r--. 1 azeez azeez 6.7K Oct  4 15:51 hot_w060_d12.schema.no-conditionals.json
  -rw-r--r--. 1 azeez azeez 801K Oct  4 15:51 hot_w060_d12.schema.no-depschemas.json
  -rw-r--r--. 1 azeez azeez 801K Oct  4 15:51 hot_w060_d12.schema.no-oneof.json
  -rw-r--r--. 1 azeez azeez 801K Oct  4 15:51 hot_w060_d12.schema.no-refs-inside-conditionals.json
  -rw-r--r--. 1 azeez azeez 801K Oct  4 15:51 hot_w060_d12.schema.no-uneval.json
  -rw-r--r--. 1 azeez azeez 6.7K Oct  4 15:51 hot_w060_d12.schema.only-allof.json
  -rw-r--r--. 1 azeez azeez 1.5K Oct  4 15:51 hot_w060_d12.schema.refs-only.json
  -rw-r--r--. 1 azeez azeez 801K Oct  4 15:51 hot_w060_d12.schema.schema.json
  -rw-r--r--. 1 azeez azeez 5.6K Oct  4 15:52 report.txt
  -rw-r--r--. 1 azeez azeez 1.1K Oct  4 15:52 run.log
  -rw-r--r--. 1 azeez azeez 1.1K Oct  4 15:52 timings.csv
