== schema_bench.sh started: 2025-10-04T09:53:24Z ==
Input : ./hot100.schema.json
Outdir: /home/azeez/bench_hot/hot100
[copy] ./hot100.schema.json -> /home/azeez/bench_hot/hot100/hot100.schema.schema.json
[metaschema] checking…
[bundle] -> /home/azeez/bench_hot/hot100/hot100.schema.bundle.json
[sanity] /home/azeez/bench_hot/hot100/hot100.schema.bundle.json :  objects=1006, $ref=100, if=100, then=100, else=100, allOf=100, anyOf=0, oneOf=0
[stats] collecting…
[variants] building ablations…
[compile] baseline (normal/fast)…
[compile] no-conditionals (normal/fast)…
[compile] no-depschemas (normal/fast)…
[compile] no-uneval (normal/fast)…
[compile] refs-only (normal/fast)…
[compile] only-allof (normal/fast)…
[compile] no-anyof (normal/fast)…
[compile] no-oneof (normal/fast)…
[compile] no-allof (normal/fast)…
[compile] conditionals-empty (normal/fast)…
[compile] no-refs-inside-conditionals (normal/fast)…
[compile] no-conditional-keys (normal/fast)…
== done: 2025-10-04T09:53:27Z ==
Artifacts:
  total 592K
  -rw-r--r--. 1 azeez azeez 1.1K Oct  4 15:23 filters.jq
  -rw-r--r--. 1 azeez azeez  57K Oct  4 15:23 hot100.schema.bundle.json
  -rw-r--r--. 1 azeez azeez  60K Oct  4 15:23 hot100.schema.conditionals-empty.json
  -rw-r--r--. 1 azeez azeez 1.9K Oct  4 15:23 hot100.schema.no-allof.json
  -rw-r--r--. 1 azeez azeez  60K Oct  4 15:23 hot100.schema.no-anyof.json
  -rw-r--r--. 1 azeez azeez  60K Oct  4 15:23 hot100.schema.no-conditional-keys.json
  -rw-r--r--. 1 azeez azeez  11K Oct  4 15:23 hot100.schema.no-conditionals.json
  -rw-r--r--. 1 azeez azeez  60K Oct  4 15:23 hot100.schema.no-depschemas.json
  -rw-r--r--. 1 azeez azeez  60K Oct  4 15:23 hot100.schema.no-oneof.json
  -rw-r--r--. 1 azeez azeez  60K Oct  4 15:23 hot100.schema.no-refs-inside-conditionals.json
  -rw-r--r--. 1 azeez azeez  60K Oct  4 15:23 hot100.schema.no-uneval.json
  -rw-r--r--. 1 azeez azeez  11K Oct  4 15:23 hot100.schema.only-allof.json
  -rw-r--r--. 1 azeez azeez 1.9K Oct  4 15:23 hot100.schema.refs-only.json
  -rw-r--r--. 1 azeez azeez  60K Oct  4 15:23 hot100.schema.schema.json
  -rw-r--r--. 1 azeez azeez 5.5K Oct  4 15:23 report.txt
  -rw-r--r--. 1 azeez azeez 1.1K Oct  4 15:23 run.log
  -rw-r--r--. 1 azeez azeez 1.1K Oct  4 15:23 timings.csv
