== schema_bench.sh started: 2025-10-04T10:06:14Z ==
Input : ./hot_w120_d18.schema.json
Outdir: /home/azeez/bench_hot/w120_d18
[copy] ./hot_w120_d18.schema.json -> /home/azeez/bench_hot/w120_d18/hot_w120_d18.schema.schema.json
[metaschema] checking…
[bundle] -> /home/azeez/bench_hot/w120_d18/hot_w120_d18.schema.bundle.json
[sanity] /home/azeez/bench_hot/w120_d18/hot_w120_d18.schema.bundle.json :  objects=15249, $ref=2280, if=2160, then=2160, else=2160, allOf=2160, anyOf=0, oneOf=0
[stats] collecting…
[variants] building ablations…
[compile] baseline (normal/fast)…
[compile] no-conditionals (normal/fast)…
[compile] no-depschemas (normal/fast)…
[compile] no-uneval (normal/fast)…
[compile] refs-only (normal/fast)…
[compile] only-allof (normal/fast)…
[compile] no-anyof (normal/fast)…
[compile] no-oneof (normal/fast)…
[compile] no-allof (normal/fast)…
[compile] conditionals-empty (normal/fast)…
[compile] no-refs-inside-conditionals (normal/fast)…
[compile] no-conditional-keys (normal/fast)…
== done: 2025-10-04T10:11:26Z ==
Artifacts:
  total 29M
  -rw-r--r--. 1 azeez azeez 1.1K Oct  4 15:36 filters.jq
  -rw-r--r--. 1 azeez azeez 3.1M Oct  4 15:37 hot_w120_d18.schema.bundle.json
  -rw-r--r--. 1 azeez azeez 3.2M Oct  4 15:37 hot_w120_d18.schema.conditionals-empty.json
  -rw-r--r--. 1 azeez azeez 2.4K Oct  4 15:37 hot_w120_d18.schema.no-allof.json
  -rw-r--r--. 1 azeez azeez 3.2M Oct  4 15:37 hot_w120_d18.schema.no-anyof.json
  -rw-r--r--. 1 azeez azeez 3.2M Oct  4 15:37 hot_w120_d18.schema.no-conditional-keys.json
  -rw-r--r--. 1 azeez azeez  13K Oct  4 15:37 hot_w120_d18.schema.no-conditionals.json
  -rw-r--r--. 1 azeez azeez 3.2M Oct  4 15:37 hot_w120_d18.schema.no-depschemas.json
  -rw-r--r--. 1 azeez azeez 3.2M Oct  4 15:37 hot_w120_d18.schema.no-oneof.json
  -rw-r--r--. 1 azeez azeez 3.2M Oct  4 15:37 hot_w120_d18.schema.no-refs-inside-conditionals.json
  -rw-r--r--. 1 azeez azeez 3.2M Oct  4 15:37 hot_w120_d18.schema.no-uneval.json
  -rw-r--r--. 1 azeez azeez  13K Oct  4 15:37 hot_w120_d18.schema.only-allof.json
  -rw-r--r--. 1 azeez azeez 2.4K Oct  4 15:37 hot_w120_d18.schema.refs-only.json
  -rw-r--r--. 1 azeez azeez 3.2M Oct  4 15:36 hot_w120_d18.schema.schema.json
  -rw-r--r--. 1 azeez azeez 5.7K Oct  4 15:41 report.txt
  -rw-r--r--. 1 azeez azeez 1.1K Oct  4 15:41 run.log
  -rw-r--r--. 1 azeez azeez 1.2K Oct  4 15:41 timings.csv
